<?xml version="1.0" encoding="UTF-8"?>
<!-- Generated by org.testng.reporters.JUnitXMLReporter -->
<testsuite ignored="0" hostname="DESKTOP-EKJ5BNI" failures="0" tests="3" name="Functional Testing" time="32.184" errors="0" timestamp="02 sep. 2023 15:50:12 GMT">
  <testcase classname="pruebas.RegisterTest" name="register_valid" time="4.69"/>
  <testcase classname="pruebas.LoginTest" name="login_valid" time="2.367"/>
  <testcase classname="pruebas.LoginTest" name="login_invalid" time="2.699"/>
</testsuite> <!-- Functional Testing -->
