<?xml version="1.0" encoding="UTF-8"?>
<!-- Generated by org.testng.reporters.JUnitXMLReporter -->
<testsuite ignored="0" hostname="DESKTOP-EKJ5BNI" failures="0" tests="3" name="Test" time="43.861" errors="0" timestamp="13 ago. 2023 05:08:37 GMT">
  <testcase classname="pruebas.RegisterTest" name="register_valid" time="4.546"/>
  <testcase classname="pruebas.LoginTest" name="login_valid" time="2.05"/>
  <testcase classname="pruebas.LoginTest" name="login_invalid" time="1.849"/>
</testsuite> <!-- Test -->
