<?xml version="1.0" encoding="UTF-8"?>
<testng-results ignored="0" total="3" passed="3" failed="0" skipped="0">
  <reporter-output>
  </reporter-output>
  <suite started-at="2023-09-02T15:49:40Z" name="UI Test Suite" finished-at="2023-09-02T15:50:12Z" duration-ms="32184">
    <groups>
    </groups>
    <test started-at="2023-09-02T15:49:40Z" name="Functional Testing" finished-at="2023-09-02T15:50:12Z" duration-ms="32184">
      <class name="pruebas.LoginTest">
        <test-method is-config="true" signature="initialize()[pri:0, instance:pruebas.LoginTest@8519cb4]" started-at="2023-09-02T12:49:55Z" name="initialize" finished-at="2023-09-02T12:50:00Z" duration-ms="5443" status="PASS">
          <reporter-output>
          </reporter-output>
        </test-method> <!-- initialize -->
        <test-method signature="login_valid()[pri:1, instance:pruebas.LoginTest@8519cb4]" started-at="2023-09-02T12:50:00Z" name="login_valid" finished-at="2023-09-02T12:50:02Z" duration-ms="2367" status="PASS">
          <reporter-output>
          </reporter-output>
        </test-method> <!-- login_valid -->
        <test-method is-config="true" signature="TeardownTest()[pri:0, instance:pruebas.LoginTest@8519cb4]" started-at="2023-09-02T12:50:02Z" name="TeardownTest" finished-at="2023-09-02T12:50:03Z" duration-ms="542" status="PASS">
          <reporter-output>
          </reporter-output>
        </test-method> <!-- TeardownTest -->
        <test-method is-config="true" signature="initialize()[pri:0, instance:pruebas.LoginTest@8519cb4]" started-at="2023-09-02T12:50:03Z" name="initialize" finished-at="2023-09-02T12:50:09Z" duration-ms="5886" status="PASS">
          <reporter-output>
          </reporter-output>
        </test-method> <!-- initialize -->
        <test-method signature="login_invalid()[pri:2, instance:pruebas.LoginTest@8519cb4]" started-at="2023-09-02T12:50:09Z" name="login_invalid" finished-at="2023-09-02T12:50:11Z" duration-ms="2699" status="PASS">
          <reporter-output>
          </reporter-output>
        </test-method> <!-- login_invalid -->
        <test-method is-config="true" signature="TeardownTest()[pri:0, instance:pruebas.LoginTest@8519cb4]" started-at="2023-09-02T12:50:11Z" name="TeardownTest" finished-at="2023-09-02T12:50:12Z" duration-ms="384" status="PASS">
          <reporter-output>
          </reporter-output>
        </test-method> <!-- TeardownTest -->
      </class> <!-- pruebas.LoginTest -->
      <class name="pruebas.RegisterTest">
        <test-method is-config="true" signature="initialize()[pri:0, instance:pruebas.RegisterTest@d737b89]" started-at="2023-09-02T12:49:40Z" name="initialize" finished-at="2023-09-02T12:49:48Z" duration-ms="8681" status="PASS">
          <reporter-output>
          </reporter-output>
        </test-method> <!-- initialize -->
        <test-method signature="register_valid()[pri:0, instance:pruebas.RegisterTest@d737b89]" started-at="2023-09-02T12:49:48Z" name="register_valid" finished-at="2023-09-02T12:49:53Z" duration-ms="4690" status="PASS">
          <reporter-output>
          </reporter-output>
        </test-method> <!-- register_valid -->
        <test-method is-config="true" signature="TeardownTest()[pri:0, instance:pruebas.RegisterTest@d737b89]" started-at="2023-09-02T12:49:53Z" name="TeardownTest" finished-at="2023-09-02T12:49:55Z" duration-ms="1423" status="PASS">
          <reporter-output>
          </reporter-output>
        </test-method> <!-- TeardownTest -->
      </class> <!-- pruebas.RegisterTest -->
    </test> <!-- Functional Testing -->
  </suite> <!-- UI Test Suite -->
</testng-results>
